
> @blockurna/contracts@0.0.0 node /home/marvinc/projects/sistemaelectoral/packages/contracts
> hardhat node

Started HTTP and WebSocket JSON-RPC server at http://127.0.0.1:8545/

Accounts
========

WARNING: Funds sent on live network to accounts with publicly known private keys WILL BE LOST.

Account #0:  0xf39fd6e51aad88f6f4ce6ab8827279cfffb92266 (10000 ETH)
Private Key: 0xac0974bec39a17e36ba4a6b4d238ff944bacb478cbed5efcae784d7bf4f2ff80

Account #1:  0x70997970c51812dc3a010c7d01b50e0d17dc79c8 (10000 ETH)
Private Key: 0x59c6995e998f97a5a0044966f0945389dc9e86dae88c7a8412f4603b6b78690d

Account #2:  0x3c44cdddb6a900fa2b585dd299e03d12fa4293bc (10000 ETH)
Private Key: 0x5de4111afa1a4b94908f83103eb1f1706367c2e68ca870fc3fb9a804cdab365a

Account #3:  0x90f79bf6eb2c4f870365e785982e1f101e93b906 (10000 ETH)
Private Key: 0x7c852118294e51e653712a81e05800f419141751be58f605c371e15141b007a6

Account #4:  0x15d34aaf54267db7d7c367839aaf71a00a2c6a65 (10000 ETH)
Private Key: 0x47e179ec197488593b187f80a00eb0da91f1b9d0b13f8733639f19c30a34926a

Account #5:  0x9965507d1a55bcc2695c58ba16fb37d819b0a4dc (10000 ETH)
Private Key: 0x8b3a350cf5c34c9194ca85829a2df0ec3153be0318b5e2d3348e872092edffba

Account #6:  0x976ea74026e726554db657fa54763abd0c3a0aa9 (10000 ETH)
Private Key: 0x92db14e403b83dfe3df233f83dfa3a0d7096f21ca9b0d6d6b8d88b2b4ec1564e

Account #7:  0x14dc79964da2c08b23698b3d3cc7ca32193d9955 (10000 ETH)
Private Key: 0x4bbbf85ce3377467afe5d46f804f221813b2bb87f24d81f60f1fcdbf7cbf4356

Account #8:  0x23618e81e3f5cdf7f54c3d65f7fbc0abf5b21e8f (10000 ETH)
Private Key: 0xdbda1821b80551c9d65939329250298aa3472ba22feea921c0cf5d620ea67b97

Account #9:  0xa0ee7a142d267c1f36714e4a8f75612f20a79720 (10000 ETH)
Private Key: 0x2a871d0798f97d79848a013d4936a73bf4cc922c825d33c1cf7073dff6d409c6

Account #10: 0xbcd4042de499d14e55001ccbb24a551f3b954096 (10000 ETH)
Private Key: 0xf214f2b2cd398c806f84e317254e0f0b801d0643303237d97a22a48e01628897

Account #11: 0x71be63f3384f5fb98995898a86b02fb2426c5788 (10000 ETH)
Private Key: 0x701b615bbdfb9de65240bc28bd21bbc0d996645a3dd57e7b12bc2bdf6f192c82

Account #12: 0xfabb0ac9d68b0b445fb7357272ff202c5651694a (10000 ETH)
Private Key: 0xa267530f49f8280200edf313ee7af6b827f2a8bce2897751d06a843f644967b1

Account #13: 0x1cbd3b2770909d4e10f157cabc84c7264073c9ec (10000 ETH)
Private Key: 0x47c99abed3324a2707c28affff1267e45918ec8c3f20b8aa892e8b065d2942dd

Account #14: 0xdf3e18d64bc6a983f673ab319ccae4f1a57c7097 (10000 ETH)
Private Key: 0xc526ee95bf44d8fc405a158bb884d9d1238d99f0612e9f33d006bb0789009aaa

Account #15: 0xcd3b766ccdd6ae721141f452c550ca635964ce71 (10000 ETH)
Private Key: 0x8166f546bab6da521a8369cab06c5d2b9e46670292d85c875ee9ec20e84ffb61

Account #16: 0x2546bcd3c84621e976d8185a91a922ae77ecec30 (10000 ETH)
Private Key: 0xea6c44ac03bff858b476bba40716402b03e41b8e97e276d1baec7c37d42484a0

Account #17: 0xbda5747bfd65f08deb54cb465eb87d40e51b197e (10000 ETH)
Private Key: 0x689af8efa8c651a91ad287602527f3af2fe9f6501a7ac4b061667b5a93e037fd

Account #18: 0xdd2fd4581271e230360230f9337d5c0430bf44c0 (10000 ETH)
Private Key: 0xde9be858da4a475276426320d5e9262ecfc3ba460bfac56360bfa6c4c28b4ee0

Account #19: 0x8626f6940e2eb28930efb4cef49b2d1f2c9c1199 (10000 ETH)
Private Key: 0xdf57089febbacf7ba0bc227dafbffa9fc08a93fdc68e1e42411a14efcf23656e

WARNING: Funds sent on live network to accounts with publicly known private keys WILL BE LOST.

[32meth_accounts[0m
[32meth_accounts (2)[0m
[32meth_blockNumber[0m
[32meth_estimateGas[0m
[32meth_getBlockByNumber[0m
[32meth_feeHistory[0m
[32meth_maxPriorityFeePerGas[0m
[32meth_sendTransaction[0m
  Contract deployment: BU_PVP_1_ElectionRegistry
  Contract address:    0x5fbdb2315678afecb367f032d93f642f64180aa3
  Transaction:         0xb08a32555cdf48b01a0496c51db6541cc2a500b0b19863de96f4fb7598fbbe22
  From:                0xf39fd6e51aad88f6f4ce6ab8827279cfffb92266
  Value:               0 ETH
  Gas used:            3590964 of 3590964
  Block #1:            0x5448525fda3817e08f2ab1684af93023d77ca1e65e24b3eca014bd2b7aa2db9d

[32meth_getTransactionByHash[0m
[32meth_getTransactionReceipt[0m
[32meth_accounts[0m
[32meth_blockNumber[0m
[32meth_estimateGas[0m
[32meth_feeHistory[0m
[32meth_sendTransaction[0m
  Contract deployment: Groth16Verifier
  Contract address:    0xe7f1725e7734ce288f8367e1bb143e90bb3f0512
  Transaction:         0xbb77b70a40824712a9b6c6b9dfa57a32f7980f539b026d3317af9f50670574ff
  From:                0xf39fd6e51aad88f6f4ce6ab8827279cfffb92266
  Value:               0 ETH
  Gas used:            1434187 of 1434187
  Block #2:            0x84c4065de58e1c5e951f2c92a001e7457a945e103e60c3f1316ea9ba1903ad57

[32meth_getTransactionByHash[0m
[32meth_getTransactionReceipt[0m
[32meth_accounts[0m
[32meth_blockNumber[0m
[32meth_estimateGas[0m
[32meth_feeHistory[0m
[32meth_sendTransaction[0m
  Contract deployment: Groth16DecryptionVerifier
  Contract address:    0x9fe46736679d2d9a65f0992f2272de9f3c7fa6e0
  Transaction:         0x4ae3a4aedb23608fc157b1beb8920bd817b92def1900a7d886d85b0f51aa601c
  From:                0xf39fd6e51aad88f6f4ce6ab8827279cfffb92266
  Value:               0 ETH
  Gas used:            1433971 of 1433971
  Block #3:            0xaa33d5924a6f0e58a8dd0159a88c310e0ce954ecc2b88b3b1f60bbf94d52d2b2

[32meth_getTransactionByHash[0m
[32meth_getTransactionReceipt[0m
[32meth_accounts[0m
[32meth_blockNumber[0m
[32meth_estimateGas[0m
[32meth_feeHistory[0m
[32meth_sendTransaction[0m
  Contract deployment: BU_PVP_1_TallyVerifier
  Contract address:    0xcf7ed3acca5a467e9e704c703e8d87f634fb0fc9
  Transaction:         0x890228a0a2a05a8bc61b6902ba4a6b7e8114ffcd5a078285f524fff858095153
  From:                0xf39fd6e51aad88f6f4ce6ab8827279cfffb92266
  Value:               0 ETH
  Gas used:            565570 of 565570
  Block #4:            0x8011adcf785ae1a3609ce81cf6fd40172c6a64f244d1e10b757ea07bff3307a0

[32meth_getTransactionByHash[0m
[32meth_getTransactionReceipt[0m
[32meth_blockNumber[0m
[32meth_estimateGas[0m
[32meth_feeHistory[0m
[32meth_sendTransaction[0m
  Contract call:       BU_PVP_1_ElectionRegistry#setTallyVerifier
  Transaction:         0xdb3e457be62be4d6c05adb4c3939f6cbb4dd35b5fcc28c81e972b9086ee5d8b0
  From:                0xf39fd6e51aad88f6f4ce6ab8827279cfffb92266
  To:                  0x5fbdb2315678afecb367f032d93f642f64180aa3
  Value:               0 ETH
  Gas used:            48099 of 48099
  Block #5:            0x051f46f923353ffac29124e36f1e5ebe0c68f6093c34f0f7c9e34c116e849b8b

[32meth_getTransactionByHash[0m
[32meth_getTransactionReceipt[0m
[32meth_accounts[0m
[32meth_blockNumber[0m
[32meth_estimateGas[0m
[32meth_feeHistory[0m
[32meth_sendTransaction[0m
  Contract deployment: BU_PVP_1_DecryptionVerifier
  Contract address:    0x5fc8d32690cc91d4c39d9d3abcbd16989f875707
  Transaction:         0xd4a4282a6c5a3809fb862288ca842a1c60d768cd85c621a89aacdabb0c9adef7
  From:                0xf39fd6e51aad88f6f4ce6ab8827279cfffb92266
  Value:               0 ETH
  Gas used:            565542 of 565542
  Block #6:            0x91a28f75de00c415e5d623038920d462d3749176911a3f1448841650a6b136fe

[32meth_getTransactionByHash[0m
[32meth_getTransactionReceipt[0m
[32meth_blockNumber[0m
[32meth_estimateGas[0m
[32meth_feeHistory[0m
[32meth_sendTransaction[0m
  Contract call:       BU_PVP_1_ElectionRegistry#setDecryptionVerifier
  Transaction:         0x703d0313197214d970cf90af63469861357099013453be2f928b1cad16eccbdf
  From:                0xf39fd6e51aad88f6f4ce6ab8827279cfffb92266
  To:                  0x5fbdb2315678afecb367f032d93f642f64180aa3
  Value:               0 ETH
  Gas used:            48146 of 48146
  Block #7:            0xcd5353ee90a254107c1f21a570ab3170c94f332156546a679dc593cf6747448b

[32meth_getTransactionByHash[0m
[32meth_getTransactionReceipt[0m
[32meth_chainId[0m
[32meth_chainId (2)[0m
[32meth_chainId (3)[0m
[32meth_getBlockByNumber[0m
[32meth_blockNumber[0m
[32meth_chainId[0m
[32meth_getLogs[0m
[32meth_chainId[0m
[32meth_getBlockByNumber[0m
[32meth_chainId[0m
[32meth_getBlockByNumber[0m
[32meth_chainId[0m
[32meth_getBlockByNumber[0m
[32meth_chainId[0m
[32meth_chainId (2)[0m
[32meth_blockNumber[0m
[32meth_blockNumber (2)[0m
[32meth_blockNumber (3)[0m
[32meth_blockNumber (4)[0m
[32meth_blockNumber (5)[0m
[32meth_blockNumber (6)[0m
[32meth_blockNumber (7)[0m
[32meth_blockNumber (8)[0m
[32meth_blockNumber (9)[0m
[32meth_blockNumber (10)[0m
[32meth_blockNumber (11)[0m
[32meth_blockNumber (12)[0m
[32meth_blockNumber (13)[0m
[32meth_blockNumber (14)[0m
[32meth_blockNumber (15)[0m
[32meth_blockNumber (16)[0m
[32meth_blockNumber (17)[0m
[32meth_blockNumber (18)[0m
[32meth_blockNumber (19)[0m
[32meth_blockNumber (20)[0m
[32meth_blockNumber (21)[0m
[32meth_blockNumber (22)[0m
[32meth_blockNumber (23)[0m
[32meth_blockNumber (24)[0m
[32meth_blockNumber (25)[0m
[32meth_blockNumber (26)[0m
[32meth_blockNumber (27)[0m
[32meth_blockNumber (28)[0m
[32meth_blockNumber (29)[0m
[32meth_blockNumber (30)[0m
[32meth_blockNumber (31)[0m
[32meth_blockNumber (32)[0m
[32meth_blockNumber (33)[0m
[32meth_blockNumber (34)[0m
[32meth_blockNumber (35)[0m
[32meth_blockNumber (36)[0m
[32meth_blockNumber (37)[0m
[32meth_blockNumber (38)[0m
[32meth_blockNumber (39)[0m
[32meth_blockNumber (40)[0m
[32meth_blockNumber (41)[0m
[32meth_blockNumber (42)[0m
[32meth_blockNumber (43)[0m
[32meth_blockNumber (44)[0m
[32meth_blockNumber (45)[0m
[32meth_blockNumber (46)[0m
[32meth_blockNumber (47)[0m
[32meth_blockNumber (48)[0m
[32meth_blockNumber (49)[0m
[32meth_blockNumber (50)[0m
[32meth_blockNumber (51)[0m
[32meth_blockNumber (52)[0m
[32meth_blockNumber (53)[0m
[32meth_blockNumber (54)[0m
[32meth_blockNumber (55)[0m
[32meth_blockNumber (56)[0m
[32meth_blockNumber (57)[0m
[32meth_blockNumber (58)[0m
[32meth_blockNumber (59)[0m
[32meth_blockNumber (60)[0m
[32meth_blockNumber (61)[0m
[32meth_blockNumber (62)[0m
[32meth_blockNumber (63)[0m
[32meth_blockNumber (64)[0m
[32meth_blockNumber (65)[0m
[32meth_blockNumber (66)[0m
[32meth_blockNumber (67)[0m
[32meth_blockNumber (68)[0m
[32meth_blockNumber (69)[0m
[32meth_blockNumber (70)[0m
[32meth_blockNumber (71)[0m
[32meth_blockNumber (72)[0m
[32meth_blockNumber (73)[0m
[32meth_blockNumber (74)[0m
[32meth_blockNumber (75)[0m
[32meth_blockNumber (76)[0m
[32meth_blockNumber (77)[0m
[32meth_blockNumber (78)[0m
[32meth_blockNumber (79)[0m
[32meth_blockNumber (80)[0m
[32meth_blockNumber (81)[0m
[32meth_blockNumber (82)[0m
[32meth_blockNumber (83)[0m
[32meth_blockNumber (84)[0m
[32meth_blockNumber (85)[0m
[32meth_blockNumber (86)[0m
[32meth_blockNumber (87)[0m
[32meth_blockNumber (88)[0m
[32meth_blockNumber (89)[0m
[32meth_blockNumber (90)[0m
[32meth_blockNumber (91)[0m
[32meth_blockNumber (92)[0m
[32meth_blockNumber (93)[0m
[32meth_blockNumber (94)[0m
[32meth_blockNumber (95)[0m
[32meth_blockNumber (96)[0m
[32meth_blockNumber (97)[0m
[32meth_blockNumber (98)[0m
[32meth_blockNumber (99)[0m
